mode: set
github.com/bakito/dns-checker/pkg/run/execute.go:30.59,32.16 2 0
github.com/bakito/dns-checker/pkg/run/execute.go:36.2,38.64 2 0
github.com/bakito/dns-checker/pkg/run/execute.go:42.2,52.6 8 0
github.com/bakito/dns-checker/pkg/run/execute.go:32.16,34.3 1 0
github.com/bakito/dns-checker/pkg/run/execute.go:38.64,40.3 1 0
github.com/bakito/dns-checker/pkg/run/execute.go:52.6,53.10 1 0
github.com/bakito/dns-checker/pkg/run/execute.go:54.19,55.54 1 0
github.com/bakito/dns-checker/pkg/run/execute.go:57.18,59.14 2 0
github.com/bakito/dns-checker/pkg/run/execute.go:64.58,66.31 2 1
github.com/bakito/dns-checker/pkg/run/execute.go:81.2,81.30 1 1
github.com/bakito/dns-checker/pkg/run/execute.go:66.31,68.29 2 1
github.com/bakito/dns-checker/pkg/run/execute.go:68.29,70.18 2 1
github.com/bakito/dns-checker/pkg/run/execute.go:73.4,73.26 1 1
github.com/bakito/dns-checker/pkg/run/execute.go:78.4,78.55 1 1
github.com/bakito/dns-checker/pkg/run/execute.go:70.18,72.5 1 0
github.com/bakito/dns-checker/pkg/run/execute.go:73.26,75.5 1 1
github.com/bakito/dns-checker/pkg/run/execute.go:75.10,77.5 1 1
github.com/bakito/dns-checker/pkg/run/execute.go:84.60,85.6 1 0
github.com/bakito/dns-checker/pkg/run/execute.go:85.6,86.10 1 0
github.com/bakito/dns-checker/pkg/run/execute.go:87.18,88.28 1 0
github.com/bakito/dns-checker/pkg/run/execute.go:90.21,91.10 1 0
github.com/bakito/dns-checker/pkg/run/execute.go:96.112,99.28 2 0
github.com/bakito/dns-checker/pkg/run/execute.go:125.2,125.11 1 0
github.com/bakito/dns-checker/pkg/run/execute.go:99.28,100.25 1 0
github.com/bakito/dns-checker/pkg/run/execute.go:100.25,103.34 3 0
github.com/bakito/dns-checker/pkg/run/execute.go:103.34,114.17 7 0
github.com/bakito/dns-checker/pkg/run/execute.go:114.17,121.6 6 0
github.com/bakito/dns-checker/pkg/run/execute.go:128.49,134.18 4 1
github.com/bakito/dns-checker/pkg/run/execute.go:138.2,141.16 3 1
github.com/bakito/dns-checker/pkg/run/execute.go:144.2,145.18 2 1
github.com/bakito/dns-checker/pkg/run/execute.go:134.18,136.3 1 1
github.com/bakito/dns-checker/pkg/run/execute.go:141.16,143.3 1 1
github.com/bakito/dns-checker/pkg/run/execute.go:148.32,149.41 1 1
github.com/bakito/dns-checker/pkg/run/execute.go:153.2,153.11 1 1
github.com/bakito/dns-checker/pkg/run/execute.go:149.41,152.3 2 1
github.com/bakito/dns-checker/pkg/run/types.go:7.71,13.2 3 0
github.com/bakito/dns-checker/main.go:31.13,33.53 2 1
github.com/bakito/dns-checker/main.go:39.2,41.55 2 1
github.com/bakito/dns-checker/main.go:44.2,44.52 1 1
github.com/bakito/dns-checker/main.go:50.2,50.39 1 1
github.com/bakito/dns-checker/main.go:33.53,35.17 2 0
github.com/bakito/dns-checker/main.go:35.17,36.48 1 0
github.com/bakito/dns-checker/main.go:41.55,43.3 1 0
github.com/bakito/dns-checker/main.go:44.52,46.17 2 0
github.com/bakito/dns-checker/main.go:46.17,47.84 1 0
github.com/bakito/dns-checker/main.go:53.13,57.22 3 0
github.com/bakito/dns-checker/main.go:60.2,61.16 2 0
github.com/bakito/dns-checker/main.go:57.22,58.55 1 0
github.com/bakito/dns-checker/main.go:61.16,62.13 1 0
github.com/bakito/dns-checker/main.go:66.21,70.2 3 0
github.com/bakito/dns-checker/main.go:72.29,74.33 2 1
github.com/bakito/dns-checker/main.go:80.2,80.16 1 1
github.com/bakito/dns-checker/main.go:74.33,76.44 2 1
github.com/bakito/dns-checker/main.go:76.44,78.4 1 1
