mode: set
github.com/bakito/dns-checker/main.go:31.13,33.53 2 1
github.com/bakito/dns-checker/main.go:39.2,41.55 2 1
github.com/bakito/dns-checker/main.go:44.2,44.52 1 1
github.com/bakito/dns-checker/main.go:50.2,50.39 1 1
github.com/bakito/dns-checker/main.go:33.53,35.17 2 0
github.com/bakito/dns-checker/main.go:35.17,36.48 1 0
github.com/bakito/dns-checker/main.go:41.55,43.3 1 0
github.com/bakito/dns-checker/main.go:44.52,46.17 2 0
github.com/bakito/dns-checker/main.go:46.17,47.84 1 0
github.com/bakito/dns-checker/main.go:53.13,57.22 3 0
github.com/bakito/dns-checker/main.go:60.2,60.29 1 0
github.com/bakito/dns-checker/main.go:57.22,58.55 1 0
github.com/bakito/dns-checker/main.go:63.21,67.2 3 0
github.com/bakito/dns-checker/main.go:69.29,71.33 2 1
github.com/bakito/dns-checker/main.go:77.2,77.16 1 1
github.com/bakito/dns-checker/main.go:71.33,73.44 2 1
github.com/bakito/dns-checker/main.go:73.44,75.4 1 1
github.com/bakito/dns-checker/pkg/run/execute.go:30.53,32.31 2 0
github.com/bakito/dns-checker/pkg/run/execute.go:45.2,47.64 2 0
github.com/bakito/dns-checker/pkg/run/execute.go:51.2,61.6 8 0
github.com/bakito/dns-checker/pkg/run/execute.go:32.31,34.29 2 0
github.com/bakito/dns-checker/pkg/run/execute.go:34.29,36.26 2 0
github.com/bakito/dns-checker/pkg/run/execute.go:41.4,41.55 1 0
github.com/bakito/dns-checker/pkg/run/execute.go:36.26,38.5 1 0
github.com/bakito/dns-checker/pkg/run/execute.go:38.10,40.5 1 0
github.com/bakito/dns-checker/pkg/run/execute.go:47.64,49.3 1 0
github.com/bakito/dns-checker/pkg/run/execute.go:61.6,62.10 1 0
github.com/bakito/dns-checker/pkg/run/execute.go:63.19,64.54 1 0
github.com/bakito/dns-checker/pkg/run/execute.go:66.18,68.10 2 0
github.com/bakito/dns-checker/pkg/run/execute.go:73.60,74.6 1 0
github.com/bakito/dns-checker/pkg/run/execute.go:74.6,75.10 1 0
github.com/bakito/dns-checker/pkg/run/execute.go:76.18,77.28 1 0
github.com/bakito/dns-checker/pkg/run/execute.go:79.21,80.10 1 0
github.com/bakito/dns-checker/pkg/run/execute.go:85.112,88.28 2 0
github.com/bakito/dns-checker/pkg/run/execute.go:114.2,114.11 1 0
github.com/bakito/dns-checker/pkg/run/execute.go:88.28,89.25 1 0
github.com/bakito/dns-checker/pkg/run/execute.go:89.25,92.34 3 0
github.com/bakito/dns-checker/pkg/run/execute.go:92.34,103.17 7 0
github.com/bakito/dns-checker/pkg/run/execute.go:103.17,110.6 6 0
github.com/bakito/dns-checker/pkg/run/execute.go:117.40,123.18 4 1
github.com/bakito/dns-checker/pkg/run/execute.go:127.2,130.16 3 1
github.com/bakito/dns-checker/pkg/run/execute.go:133.2,134.13 2 1
github.com/bakito/dns-checker/pkg/run/execute.go:123.18,125.3 1 1
github.com/bakito/dns-checker/pkg/run/execute.go:130.16,131.79 1 0
github.com/bakito/dns-checker/pkg/run/execute.go:137.32,138.41 1 1
github.com/bakito/dns-checker/pkg/run/execute.go:142.2,142.11 1 1
github.com/bakito/dns-checker/pkg/run/execute.go:138.41,141.3 2 1
github.com/bakito/dns-checker/pkg/run/types.go:7.71,13.2 3 0
